# JRE version: OpenJDK Runtime Environment (8.0_144-b01) (build 1.8.0_144-b01)
# Java VM: OpenJDK 64-Bit Server VM (25.144-b01 mixed mode linux-amd64 compressed oops)
Heap:
 PSYoungGen      total 658432K, used 320199K [0x000000076cb00000, 0x00000007b5f80000, 0x00000007c0000000)
  eden space 214528K, 0% used [0x000000076cb00000,0x000000076cb00000,0x0000000779c80000)
  from space 443904K, 72% used [0x0000000779c80000,0x000000078d531c00,0x0000000794e00000)
  to   space 454656K, 0% used [0x000000079a380000,0x000000079a380000,0x00000007b5f80000)
 ParOldGen       total 1061376K, used 1061249K [0x00000006c6000000, 0x0000000706c80000, 0x000000076cb00000)
  object space 1061376K, 99% used [0x00000006c6000000,0x0000000706c606e0,0x0000000706c80000)
 Metaspace       used 3029K, capacity 4564K, committed 4864K, reserved 1056768K
  class space    used 293K, capacity 388K, committed 512K, reserved 1048576K
GC Heap History (10 events):
Event: 28.677 GC heap after
Heap after GC invocations=8 (full 3):
 PSYoungGen      total 188928K, used 0K [0x000000076cb00000, 0x0000000793b80000, 0x00000007c0000000)
  eden space 178688K, 0% used [0x000000076cb00000,0x000000076cb00000,0x0000000777980000)
  from space 10240K, 0% used [0x0000000777980000,0x0000000777980000,0x0000000778380000)
  to   space 200192K, 0% used [0x0000000787800000,0x0000000787800000,0x0000000793b80000)
 ParOldGen       total 1061376K, used 555085K [0x00000006c6000000, 0x0000000706c80000, 0x000000076cb00000)
  object space 1061376K, 52% used [0x00000006c6000000,0x00000006e7e13468,0x0000000706c80000)
 Metaspace       used 3029K, capacity 4564K, committed 4864K, reserved 1056768K
  class space    used 293K, capacity 388K, committed 512K, reserved 1048576K
}
Event: 28.911 GC heap before
{Heap before GC invocations=9 (full 3):
 PSYoungGen      total 188928K, used 178688K [0x000000076cb00000, 0x0000000793b80000, 0x00000007c0000000)
  eden space 178688K, 100% used [0x000000076cb00000,0x0000000777980000,0x0000000777980000)
  from space 10240K, 0% used [0x0000000777980000,0x0000000777980000,0x0000000778380000)
  to   space 200192K, 0% used [0x0000000787800000,0x0000000787800000,0x0000000793b80000)
 ParOldGen       total 1061376K, used 555085K [0x00000006c6000000, 0x0000000706c80000, 0x000000076cb00000)
  object space 1061376K, 52% used [0x00000006c6000000,0x00000006e7e13468,0x0000000706c80000)
 Metaspace       used 3029K, capacity 4564K, committed 4864K, reserved 1056768K
  class space    used 293K, capacity 388K, committed 512K, reserved 1048576K
Event: 29.624 GC heap after
Heap after GC invocations=9 (full 3):
 PSYoungGen      total 416768K, used 178976K [0x000000076cb00000, 0x0000000796480000, 0x00000007c0000000)
  eden space 216576K, 0% used [0x000000076cb00000,0x000000076cb00000,0x0000000779e80000)
  from space 200192K, 89% used [0x0000000787800000,0x00000007926c8000,0x0000000793b80000)
  to   space 222720K, 0% used [0x0000000779e80000,0x0000000779e80000,0x0000000787800000)
 ParOldGen       total 1061376K, used 555085K [0x00000006c6000000, 0x0000000706c80000, 0x000000076cb00000)
  object space 1061376K, 52% used [0x00000006c6000000,0x00000006e7e13468,0x0000000706c80000)
 Metaspace       used 3029K, capacity 4564K, committed 4864K, reserved 1056768K
  class space    used 293K, capacity 388K, committed 512K, reserved 1048576K
}
Event: 29.971 GC heap before
{Heap before GC invocations=10 (full 3):
 PSYoungGen      total 416768K, used 395552K [0x000000076cb00000, 0x0000000796480000, 0x00000007c0000000)
  eden space 216576K, 100% used [0x000000076cb00000,0x0000000779e80000,0x0000000779e80000)
  from space 200192K, 89% used [0x0000000787800000,0x00000007926c8000,0x0000000793b80000)
  to   space 222720K, 0% used [0x0000000779e80000,0x0000000779e80000,0x0000000787800000)
 ParOldGen       total 1061376K, used 555085K [0x00000006c6000000, 0x0000000706c80000, 0x000000076cb00000)
  object space 1061376K, 52% used [0x00000006c6000000,0x00000006e7e13468,0x0000000706c80000)
 Metaspace       used 3029K, capacity 4564K, committed 4864K, reserved 1056768K
  class space    used 293K, capacity 388K, committed 512K, reserved 1048576K
Event: 31.796 GC heap after
Heap after GC invocations=10 (full 3):
 PSYoungGen      total 439296K, used 222720K [0x000000076cb00000, 0x00000007a9e80000, 0x00000007c0000000)
  eden space 216576K, 0% used [0x000000076cb00000,0x000000076cb00000,0x0000000779e80000)
  from space 222720K, 100% used [0x0000000779e80000,0x0000000787800000,0x0000000787800000)
  to   space 344576K, 0% used [0x0000000794e00000,0x0000000794e00000,0x00000007a9e80000)
 ParOldGen       total 1061376K, used 728541K [0x00000006c6000000, 0x0000000706c80000, 0x000000076cb00000)
  object space 1061376K, 68% used [0x00000006c6000000,0x00000006f2777468,0x0000000706c80000)
 Metaspace       used 3029K, capacity 4564K, committed 4864K, reserved 1056768K
  class space    used 293K, capacity 388K, committed 512K, reserved 1048576K
}
Event: 32.125 GC heap before
{Heap before GC invocations=11 (full 3):
 PSYoungGen      total 439296K, used 439296K [0x000000076cb00000, 0x00000007a9e80000, 0x00000007c0000000)
  eden space 216576K, 100% used [0x000000076cb00000,0x0000000779e80000,0x0000000779e80000)
  from space 222720K, 100% used [0x0000000779e80000,0x0000000787800000,0x0000000787800000)
  to   space 344576K, 0% used [0x0000000794e00000,0x0000000794e00000,0x00000007a9e80000)
 ParOldGen       total 1061376K, used 728541K [0x00000006c6000000, 0x0000000706c80000, 0x000000076cb00000)
  object space 1061376K, 68% used [0x00000006c6000000,0x00000006f2777468,0x0000000706c80000)
 Metaspace       used 3029K, capacity 4564K, committed 4864K, reserved 1056768K
  class space    used 293K, capacity 388K, committed 512K, reserved 1048576K
Event: 33.851 GC heap after
Heap after GC invocations=11 (full 3):
 PSYoungGen      total 559104K, used 344576K [0x000000076cb00000, 0x00000007b7300000, 0x00000007c0000000)
  eden space 214528K, 0% used [0x000000076cb00000,0x000000076cb00000,0x0000000779c80000)
  from space 344576K, 100% used [0x0000000794e00000,0x00000007a9e80000,0x00000007a9e80000)
  to   space 443904K, 0% used [0x0000000779c80000,0x0000000779c80000,0x0000000794e00000)
 ParOldGen       total 1061376K, used 823789K [0x00000006c6000000, 0x0000000706c80000, 0x000000076cb00000)
  object space 1061376K, 77% used [0x00000006c6000000,0x00000006f847b468,0x0000000706c80000)
 Metaspace       used 3029K, capacity 4564K, committed 4864K, reserved 1056768K
  class space    used 293K, capacity 388K, committed 512K, reserved 1048576K
}
Event: 34.105 GC heap before
{Heap before GC invocations=12 (full 3):
 PSYoungGen      total 559104K, used 559104K [0x000000076cb00000, 0x00000007b7300000, 0x00000007c0000000)
  eden space 214528K, 100% used [0x000000076cb00000,0x0000000779c80000,0x0000000779c80000)
  from space 344576K, 100% used [0x0000000794e00000,0x00000007a9e80000,0x00000007a9e80000)
  to   space 443904K, 0% used [0x0000000779c80000,0x0000000779c80000,0x0000000794e00000)
 ParOldGen       total 1061376K, used 823789K [0x00000006c6000000, 0x0000000706c80000, 0x000000076cb00000)
  object space 1061376K, 77% used [0x00000006c6000000,0x00000006f847b468,0x0000000706c80000)
 Metaspace       used 3029K, capacity 4564K, committed 4864K, reserved 1056768K
  class space    used 293K, capacity 388K, committed 512K, reserved 1048576K
Event: 35.359 GC heap after
Heap after GC invocations=12 (full 3):
 PSYoungGen      total 658432K, used 443904K [0x000000076cb00000, 0x00000007b5f80000, 0x00000007c0000000)
  eden space 214528K, 0% used [0x000000076cb00000,0x000000076cb00000,0x0000000779c80000)
  from space 443904K, 100% used [0x0000000779c80000,0x0000000794e00000,0x0000000794e00000)
  to   space 454656K, 0% used [0x000000079a380000,0x000000079a380000,0x00000007b5f80000)
 ParOldGen       total 1061376K, used 939565K [0x00000006c6000000, 0x0000000706c80000, 0x000000076cb00000)
  object space 1061376K, 88% used [0x00000006c6000000,0x00000006ff58b468,0x0000000706c80000)
 Metaspace       used 3029K, capacity 4564K, committed 4864K, reserved 1056768K
  class space    used 293K, capacity 388K, committed 512K, reserved 1048576K
}
Event: 35.359 GC heap before
{Heap before GC invocations=13 (full 4):
 PSYoungGen      total 658432K, used 443904K [0x000000076cb00000, 0x00000007b5f80000, 0x00000007c0000000)
  eden space 214528K, 0% used [0x000000076cb00000,0x000000076cb00000,0x0000000779c80000)
  from space 443904K, 100% used [0x0000000779c80000,0x0000000794e00000,0x0000000794e00000)
  to   space 454656K, 0% used [0x000000079a380000,0x000000079a380000,0x00000007b5f80000)
 ParOldGen       total 1061376K, used 939565K [0x00000006c6000000, 0x0000000706c80000, 0x000000076cb00000)
  object space 1061376K, 88% used [0x00000006c6000000,0x00000006ff58b468,0x0000000706c80000)
 Metaspace       used 3029K, capacity 4564K, committed 4864K, reserved 1056768K
  class space    used 293K, capacity 388K, committed 512K, reserved 1048576K

